/*C7*/SET SCHEMA PUBLIC
DISCONNECT
/*C9*/SET SCHEMA PUBLIC
DISCONNECT
/*C8*/SET SCHEMA PUBLIC
DELETE FROM USER WHERE ID='userA'
COMMIT
DELETE FROM RESOURCE WHERE ID='resource1'
COMMIT
DELETE FROM TASK WHERE ID='3ef5aa47-7bbd-4a57-ad0f-8a0d041656e2'
DELETE FROM TASK WHERE ID='taskX'
COMMIT
DISCONNECT
/*C10*/SET SCHEMA PUBLIC
DISCONNECT
/*C11*/SET SCHEMA PUBLIC
DISCONNECT
/*C13*/SET SCHEMA PUBLIC
DISCONNECT
/*C12*/SET SCHEMA PUBLIC
INSERT INTO USER VALUES('userA','2014-11-15 01:05:37.501000','0',1,NULL,NULL)
COMMIT
DELETE FROM USER WHERE ID='userA'
INSERT INTO USER VALUES('userA','2014-11-15 01:05:37.501000','1',2,NULL,NULL)
COMMIT
DELETE FROM USER WHERE ID='userA'
COMMIT
INSERT INTO RESOURCE VALUES('resource1','2014-11-15 01:05:37.800000','0',1,NULL)
COMMIT
DELETE FROM RESOURCE WHERE ID='resource1'
INSERT INTO RESOURCE VALUES('resource1','2014-11-15 01:05:37.800000','1',2,NULL)
COMMIT
INSERT INTO RESOURCE VALUES('resource2','2014-11-15 01:05:37.824000','0',1,NULL)
COMMIT
DELETE FROM RESOURCE WHERE ID='resource1'
COMMIT
DELETE FROM RESOURCE WHERE ID='resource2'
COMMIT
INSERT INTO TASK VALUES('taskX','2014-11-15 01:05:37.855000',NULL,'0','PROCESSING',NULL,NULL,NULL)
COMMIT
DELETE FROM TASK WHERE ID='taskX'
INSERT INTO TASK VALUES('taskX','2014-11-15 01:05:37.855000','foo','0','PROCESSING',NULL,NULL,NULL)
COMMIT
DELETE FROM TASK WHERE ID='taskX'
COMMIT
DISCONNECT
/*C14*/SET SCHEMA PUBLIC
DISCONNECT
